\BOOKMARK [0][-]{chapter.4}{Galaxy\040alignments\040in\040massive\040clusters\040from\04014,000\040spectroscopic\040members}{}% 1
\BOOKMARK [1][-]{section.4.1}{Introduction}{chapter.4}% 2
\BOOKMARK [1][-]{section.4.2}{Data}{chapter.4}% 3
\BOOKMARK [2][-]{subsection.4.2.1}{Cluster\040sample\040and\040photometry}{section.4.2}% 4
\BOOKMARK [2][-]{subsection.4.2.2}{Spectroscopic\040data}{section.4.2}% 5
\BOOKMARK [1][-]{section.4.3}{Galaxy\040samples}{chapter.4}% 6
\BOOKMARK [2][-]{subsection.4.3.1}{Spectroscopic\040members\040and\040dynamical\040masses}{section.4.3}% 7
\BOOKMARK [2][-]{subsection.4.3.2}{Red\040sequence\040members}{section.4.3}% 8
\BOOKMARK [2][-]{subsection.4.3.3}{Photometric\040redshift\040contamination}{section.4.3}% 9
\BOOKMARK [2][-]{subsection.4.3.4}{Control\040samples}{section.4.3}% 10
\BOOKMARK [1][-]{section.4.4}{Measuring\040intrinsic\040alignments}{chapter.4}% 11
\BOOKMARK [2][-]{subsection.4.4.1}{Different\040alignment\040signals}{section.4.4}% 12
\BOOKMARK [2][-]{subsection.4.4.2}{Shape\040measurements}{section.4.4}% 13
\BOOKMARK [2][-]{subsection.4.4.3}{Systematic\040effects}{section.4.4}% 14
\BOOKMARK [1][-]{section.4.5}{Results}{chapter.4}% 15
\BOOKMARK [2][-]{subsection.4.5.1}{Satellite\040radial\040alignment}{section.4.5}% 16
\BOOKMARK [2][-]{subsection.4.5.2}{Satellite-BCG\040alignment}{section.4.5}% 17
\BOOKMARK [2][-]{subsection.4.5.3}{Satellite-satellite\040alignment}{section.4.5}% 18
\BOOKMARK [2][-]{subsection.4.5.4}{Is\040there\040an\040agreement\040on\040the\040level\040of\040galaxy\040alignments\040in\040groups\040and\040clusters?}{section.4.5}% 19
\BOOKMARK [1][-]{section.4.6}{Contamination\040to\040cosmic\040shear\040measurements}{chapter.4}% 20
\BOOKMARK [2][-]{subsection.4.6.1}{Linear\040alignment\040model}{section.4.6}% 21
\BOOKMARK [2][-]{subsection.4.6.2}{Halo\040model}{section.4.6}% 22
\BOOKMARK [2][-]{subsection.4.6.3}{Impact\040of\040alignments\040within\040haloes\040on\040the\040power\040spectra}{section.4.6}% 23
\BOOKMARK [1][-]{section.4.7}{Conclusions}{chapter.4}% 24
