mktextfm Alegreya
mktextfm Alegreya
mktextfm Alegreya
mktextfm Alegreya/BI
mktextfm Alegreya
mktextfm Alegreya/B
mktextfm Alegreya
mktextfm Alegreya/I
mktextfm Alegreya
mktextfm Alegreya
mktextfm arial
mktextfm arial
mktextfm arial
mktextfm arial/BI
mktextfm arial
mktextfm arial/B
mktextfm arial
mktextfm arial/I
mktextfm arial
mktextfm arial
mktextfm Acorn
mktextfm Acorn
mktextfm Acorn
mktextfm Acorn/BI
mktextfm Acorn
mktextfm Acorn/B
mktextfm Acorn
mktextfm Acorn/I
mktextfm Acorn
mktextfm Acorn
mktextfm Libris
mktextfm Libris
mktextfm Libris
mktextfm Libris/BI
mktextfm Libris
mktextfm Libris/B
mktextfm Libris
mktextfm Libris/I
mktextfm Libris
mktextfm Libris
mktextfm Barkesville
mktextfm Barkesville
mktextfm Barkesville
mktextfm Barkesville
