This is XeTeX, Version 3.1415926-2.5-0.9999.3 (TeX Live 2013) (format=xelatex 2013.5.30)  27 MAY 2016 15:36
entering extended mode
 restricted \write18 enabled.
 %&-line parsing enabled.
**thesis
(./thesis.tex
LaTeX2e <2011/06/27>
Babel <3.9f> and hyphenation patterns for 78 languages loaded.
(/usr/local/texlive/2013/texmf-dist/tex/latex/base/book.cls
Document Class: book 2007/10/19 v1.4h Standard LaTeX document class
(/usr/local/texlive/2013/texmf-dist/tex/latex/base/bk11.clo
File: bk11.clo 2007/10/19 v1.4h Standard LaTeX file (size option)
)
\c@part=\count80
\c@chapter=\count81
\c@section=\count82
\c@subsection=\count83
\c@subsubsection=\count84
\c@paragraph=\count85
\c@subparagraph=\count86
\c@figure=\count87
\c@table=\count88
\abovecaptionskip=\skip41
\belowcaptionskip=\skip42
\bibindent=\dimen102
) (./packages.tex
(/usr/local/texlive/2013/texmf-dist/tex/latex/tools/afterpage.sty
Package: afterpage 1995/10/27 v1.08 After-Page Package (DPC)
\AP@output=\toks14
\AP@partial=\box26
\AP@footins=\box27
)
(/usr/local/texlive/2013/texmf-dist/tex/latex/amsmath/amsmath.sty
Package: amsmath 2013/01/14 v2.14 AMS math features
\@mathmargin=\skip43

For additional information on amsmath, use the `?' option.
(/usr/local/texlive/2013/texmf-dist/tex/latex/amsmath/amstext.sty
Package: amstext 2000/06/29 v2.01

(/usr/local/texlive/2013/texmf-dist/tex/latex/amsmath/amsgen.sty
File: amsgen.sty 1999/11/30 v2.0
\@emptytoks=\toks15
\ex@=\dimen103
))
(/usr/local/texlive/2013/texmf-dist/tex/latex/amsmath/amsbsy.sty
Package: amsbsy 1999/11/29 v1.2d
\pmbraise@=\dimen104
)
(/usr/local/texlive/2013/texmf-dist/tex/latex/amsmath/amsopn.sty
Package: amsopn 1999/12/14 v2.01 operator names
)
\inf@bad=\count89
LaTeX Info: Redefining \frac on input line 210.
\uproot@=\count90
\leftroot@=\count91
LaTeX Info: Redefining \overline on input line 306.
\classnum@=\count92
\DOTSCASE@=\count93
LaTeX Info: Redefining \ldots on input line 378.
LaTeX Info: Redefining \dots on input line 381.
LaTeX Info: Redefining \cdots on input line 466.
\Mathstrutbox@=\box28
\strutbox@=\box29
\big@size=\dimen105
LaTeX Font Info:    Redeclaring font encoding OML on input line 566.
LaTeX Font Info:    Redeclaring font encoding OMS on input line 567.
\macc@depth=\count94
\c@MaxMatrixCols=\count95
\dotsspace@=\muskip10
\c@parentequation=\count96
\dspbrk@lvl=\count97
\tag@help=\toks16
\row@=\count98
\column@=\count99
\maxfields@=\count100
\andhelp@=\toks17
\eqnshift@=\dimen106
\alignsep@=\dimen107
\tagshift@=\dimen108
\tagwidth@=\dimen109
\totwidth@=\dimen110
\lineht@=\dimen111
\@envbody=\toks18
\multlinegap=\skip44
\multlinetaggap=\skip45
\mathdisplay@stack=\toks19
LaTeX Info: Redefining \[ on input line 2665.
LaTeX Info: Redefining \] on input line 2666.
)
(/usr/local/texlive/2013/texmf-dist/tex/latex/amsfonts/amssymb.sty
Package: amssymb 2013/01/14 v3.01 AMS font symbols

(/usr/local/texlive/2013/texmf-dist/tex/latex/amsfonts/amsfonts.sty
Package: amsfonts 2013/01/14 v3.01 Basic AMSFonts support
\symAMSa=\mathgroup4
\symAMSb=\mathgroup5
LaTeX Font Info:    Overwriting math alphabet `\mathfrak' in version `bold'
(Font)                  U/euf/m/n --> U/euf/b/n on input line 106.
))
(/usr/local/texlive/2013/texmf-dist/tex/latex/appendix/appendix.sty
Package: appendix 2009/09/02 v1.2b extra appendix facilities
\c@@pps=\count101
\c@@ppsavesec=\count102
\c@@ppsaveapp=\count103
)
(/usr/local/texlive/2013/texmf-dist/tex/latex/tools/bm.sty
Package: bm 2004/02/26 v1.1c Bold Symbol Support (DPC/FMi)
\symboldoperators=\mathgroup6
\symboldletters=\mathgroup7
\symboldsymbols=\mathgroup8
LaTeX Font Info:    Redeclaring math alphabet \mathbf on input line 138.
LaTeX Info: Redefining \bm on input line 204.
)
(/usr/local/texlive/2013/texmf-dist/tex/latex/caption/caption.sty
Package: caption 2013/05/02 v3.3-89 Customizing captions (AR)

(/usr/local/texlive/2013/texmf-dist/tex/latex/caption/caption3.sty
Package: caption3 2013/05/02 v1.6-88 caption3 kernel (AR)
Package caption3 Info: TeX engine: e-TeX on input line 57.

(/usr/local/texlive/2013/texmf-dist/tex/latex/graphics/keyval.sty
Package: keyval 1999/03/16 v1.13 key=value parser (DPC)
\KV@toks@=\toks20
)
\captionmargin=\dimen112
\captionmargin@=\dimen113
\captionwidth=\dimen114
\caption@tempdima=\dimen115
\caption@indent=\dimen116
\caption@parindent=\dimen117
\caption@hangindent=\dimen118
)
\c@ContinuedFloat=\count104
)
(/usr/local/texlive/2013/texmf-dist/tex/latex/changepage/changepage.sty
Package: changepage 2009/10/20 v1.0c check page and change page layout
\c@cp@cntr=\count105
\cp@tempcnt=\count106
)
(/usr/local/texlive/2013/texmf-dist/tex/latex/graphics/color.sty
Package: color 2005/11/14 v1.0j Standard LaTeX Color (DPC)

(/usr/local/texlive/2013/texmf-dist/tex/latex/latexconfig/color.cfg
File: color.cfg 2007/01/18 v1.5 color configuration of teTeX/TeXLive
)
Package color Info: Driver file: xetex.def on input line 130.

(/usr/local/texlive/2013/texmf-dist/tex/xelatex/xetex-def/xetex.def
File: xetex.def 2013/04/29 v0.96 LaTeX color/graphics driver for XeTeX (RRM/JK)

))
(/usr/local/texlive/2013/texmf-dist/tex/latex/sttools/flushend.sty
Package: flushend 2012/05/29 v1.1 Balancing columns at last page
Package: flushend 1997/10/01
\@aaa=\box30
\@ccc=\box31
\@viper=\box32
\hold@viper=\box33
\atColsBreak=\toks21
\@extra@skip=\dimen119
\@nd@page@rule=\dimen120
)
(/usr/local/texlive/2013/texmf-dist/tex/latex/fontspec/fontspec.sty
Package: fontspec 2013/05/20 v2.3c Font selection for XeLaTeX and LuaLaTeX

(/usr/local/texlive/2013/texmf-dist/tex/latex/l3kernel/expl3.sty
(/usr/local/texlive/2013/texmf-dist/tex/latex/l3kernel/l3names.sty
(/usr/local/texlive/2013/texmf-dist/tex/latex/l3kernel/l3bootstrap.sty
Package: l3bootstrap 2013/01/08 v4420 L3 Experimental bootstrap code
)
Package: l3names 2012/12/07 v4346 L3 Namespace for primitives
)
(/usr/local/texlive/2013/texmf-dist/tex/latex/etex-pkg/etex.sty
Package: etex 1998/03/26 v2.0 eTeX basic definition package (PEB)
\et@xins=\count107
)
Package: expl3 2013/03/14 v4469 L3 Experimental code bundle wrapper

(/usr/local/texlive/2013/texmf-dist/tex/latex/l3kernel/l3basics.sty
Package: l3basics 2013/01/10 v4428 L3 Basic definitions
)
(/usr/local/texlive/2013/texmf-dist/tex/latex/l3kernel/l3expan.sty
Package: l3expan 2013/02/03 v4458 L3 Argument expansion
)
(/usr/local/texlive/2013/texmf-dist/tex/latex/l3kernel/l3tl.sty
Package: l3tl 2013/01/08 v4415 L3 Token lists
)
(/usr/local/texlive/2013/texmf-dist/tex/latex/l3kernel/l3seq.sty
Package: l3seq 2013/01/12 v4434 L3 Sequences and stacks
)
(/usr/local/texlive/2013/texmf-dist/tex/latex/l3kernel/l3int.sty
Package: l3int 2013/01/13 v4444 L3 Integers
\c_max_int=\count108
\l_tmpa_int=\count109
\l_tmpb_int=\count110
\g_tmpa_int=\count111
\g_tmpb_int=\count112
)
(/usr/local/texlive/2013/texmf-dist/tex/latex/l3kernel/l3quark.sty
Package: l3quark 2012/11/04 v4268 L3 Quarks
)
(/usr/local/texlive/2013/texmf-dist/tex/latex/l3kernel/l3prg.sty
Package: l3prg 2013/02/13 v4459 L3 Control structures
\g__prg_map_int=\count113
)
(/usr/local/texlive/2013/texmf-dist/tex/latex/l3kernel/l3clist.sty
Package: l3clist 2013/01/08 v4414 L3 Comma separated lists
)
(/usr/local/texlive/2013/texmf-dist/tex/latex/l3kernel/l3token.sty
Package: l3token 2013/01/10 v4428 L3 Experimental token manipulation
)
(/usr/local/texlive/2013/texmf-dist/tex/latex/l3kernel/l3prop.sty
Package: l3prop 2013/01/09 v4423 L3 Property lists
)
(/usr/local/texlive/2013/texmf-dist/tex/latex/l3kernel/l3msg.sty
Package: l3msg 2013/01/08 v4412 L3 Messages
)
(/usr/local/texlive/2013/texmf-dist/tex/latex/l3kernel/l3file.sty
Package: l3file 2013/01/14 v4446 L3 File and I/O operations
\l_iow_line_count_int=\count114
\l__iow_target_count_int=\count115
\l__iow_current_line_int=\count116
\l__iow_current_word_int=\count117
\l__iow_current_indentation_int=\count118
)
(/usr/local/texlive/2013/texmf-dist/tex/latex/l3kernel/l3skip.sty
Package: l3skip 2013/01/13 v4444 L3 Dimensions and skips
\c_zero_dim=\dimen121
\c_max_dim=\dimen122
\l_tmpa_dim=\dimen123
\l_tmpb_dim=\dimen124
\g_tmpa_dim=\dimen125
\g_tmpb_dim=\dimen126
\c_zero_skip=\skip46
\c_max_skip=\skip47
\l_tmpa_skip=\skip48
\l_tmpb_skip=\skip49
\g_tmpa_skip=\skip50
\g_tmpb_skip=\skip51
\c_zero_muskip=\muskip11
\c_max_muskip=\muskip12
\l_tmpa_muskip=\muskip13
\l_tmpb_muskip=\muskip14
\g_tmpa_muskip=\muskip15
\g_tmpb_muskip=\muskip16
)
(/usr/local/texlive/2013/texmf-dist/tex/latex/l3kernel/l3keys.sty
Package: l3keys 2013/02/24 v4461 L3 Experimental key-value interfaces
\g__keyval_level_int=\count119
\l_keys_choice_int=\count120
)
(/usr/local/texlive/2013/texmf-dist/tex/latex/l3kernel/l3fp.sty
Package: l3fp 2013/01/19 v4449 L3 Floating points
\c__fp_leading_shift_int=\count121
\c__fp_middle_shift_int=\count122
\c__fp_trailing_shift_int=\count123
\c__fp_big_leading_shift_int=\count124
\c__fp_big_middle_shift_int=\count125
\c__fp_big_trailing_shift_int=\count126
\c__fp_Bigg_leading_shift_int=\count127
\c__fp_Bigg_middle_shift_int=\count128
\c__fp_Bigg_trailing_shift_int=\count129
)
(/usr/local/texlive/2013/texmf-dist/tex/latex/l3kernel/l3box.sty
Package: l3box 2013/01/08 v4411 L3 Experimental boxes
\c_empty_box=\box34
\l_tmpa_box=\box35
\l_tmpb_box=\box36
\g_tmpa_box=\box37
\g_tmpb_box=\box38
)
(/usr/local/texlive/2013/texmf-dist/tex/latex/l3kernel/l3coffins.sty
Package: l3coffins 2012/09/09 v4212 L3 Coffin code layer
\l__coffin_internal_box=\box39
\l__coffin_internal_dim=\dimen127
\l__coffin_offset_x_dim=\dimen128
\l__coffin_offset_y_dim=\dimen129
\l__coffin_x_dim=\dimen130
\l__coffin_y_dim=\dimen131
\l__coffin_x_prime_dim=\dimen132
\l__coffin_y_prime_dim=\dimen133
\c_empty_coffin=\box40
\l__coffin_aligned_coffin=\box41
\l__coffin_aligned_internal_coffin=\box42
\l_tmpa_coffin=\box43
\l_tmpb_coffin=\box44
\l__coffin_display_coffin=\box45
\l__coffin_display_coord_coffin=\box46
\l__coffin_display_pole_coffin=\box47
\l__coffin_display_offset_dim=\dimen134
\l__coffin_display_x_dim=\dimen135
\l__coffin_display_y_dim=\dimen136
)
(/usr/local/texlive/2013/texmf-dist/tex/latex/l3kernel/l3color.sty
Package: l3color 2012/08/29 v4156 L3 Experimental color support
)
(/usr/local/texlive/2013/texmf-dist/tex/latex/l3kernel/l3luatex.sty
Package: l3luatex 2012/08/03 v4049 L3 Experimental LuaTeX-specific functions
\g__cctab_allocate_int=\count130
\g__cctab_stack_int=\count131
)
(/usr/local/texlive/2013/texmf-dist/tex/latex/l3kernel/l3candidates.sty
Package: l3candidates 2013/03/14 v4468 L3 Experimental additions to l3kernel
\l__box_top_dim=\dimen137
\l__box_bottom_dim=\dimen138
\l__box_left_dim=\dimen139
\l__box_right_dim=\dimen140
\l__box_top_new_dim=\dimen141
\l__box_bottom_new_dim=\dimen142
\l__box_left_new_dim=\dimen143
\l__box_right_new_dim=\dimen144
\l__box_internal_box=\box48
\l__coffin_bounding_shift_dim=\dimen145
\l__coffin_left_corner_dim=\dimen146
\l__coffin_right_corner_dim=\dimen147
\l__coffin_bottom_corner_dim=\dimen148
\l__coffin_top_corner_dim=\dimen149
\l__coffin_scaled_total_height_dim=\dimen150
\l__coffin_scaled_width_dim=\dimen151
)
(/usr/local/texlive/2013/texmf-dist/tex/generic/oberdiek/ifpdf.sty
Package: ifpdf 2011/01/30 v2.3 Provides the ifpdf switch (HO)
Package ifpdf Info: pdfTeX in PDF mode is not detected.
))
(/usr/local/texlive/2013/texmf-dist/tex/latex/l3packages/xparse/xparse.sty
Package: xparse 2013/03/12 v4467 L3 Experimental document command parser
\l__xparse_current_arg_int=\count132
\l__xparse_m_args_int=\count133
\l__xparse_mandatory_args_int=\count134
\l__xparse_processor_int=\count135
\l__xparse_v_nesting_int=\count136
)
\l_fontspec_script_int=\count137
\l_fontspec_language_int=\count138
\l_fontspec_strnum_int=\count139
\l_fontspec_tmpa_dim=\dimen152
\l_fontspec_tmpb_dim=\dimen153
\l_fontspec_tmpc_dim=\dimen154
Variant \tl_gset:cV already defined; not changing it on line 69

(/usr/local/texlive/2013/texmf-dist/tex/latex/fontspec/fontspec-patches.sty
Package: fontspec-patches 2013/05/20 v2.3c Font selection for XeLaTeX and LuaLa
TeX

(/usr/local/texlive/2013/texmf-dist/tex/latex/base/fixltx2e.sty
Package: fixltx2e 2006/09/13 v1.1m fixes to LaTeX
LaTeX Info: Redefining \em on input line 420.
LaTeX Info: The control sequence `\[' is already robust on input line 471.
LaTeX Info: The control sequence `\]' is already robust on input line 472.
)
LaTeX Info: Redefining \em on input line 22.
LaTeX Info: Redefining \emph on input line 30.
LaTeX Info: Redefining \- on input line 33.

*************************************************
* LaTeX warning: "xparse/redefine-command"
* 
* Redefining document command \oldstylenums with arg. spec. 'm' on line 128.
*************************************************
.................................................
. LaTeX info: "xparse/define-command"
. 
. Defining document command \liningnums with arg. spec. 'm' on line 132.
.................................................
) (/usr/local/texlive/2013/texmf-dist/tex/latex/fontspec/fontspec-xetex.sty
Package: fontspec-xetex 2013/05/20 v2.3c Font selection for XeLaTeX and LuaLaTe
X

(/usr/local/texlive/2013/texmf-dist/tex/latex/base/fontenc.sty
Package: fontenc 2005/09/27 v1.99g Standard LaTeX package

(/usr/local/texlive/2013/texmf-dist/tex/latex/euenc/eu1enc.def
File: eu1enc.def 2010/05/27 v0.1h Experimental Unicode font encodings
)
LaTeX Font Info:    Try loading font information for EU1+lmr on input line 100.


(/usr/local/texlive/2013/texmf-dist/tex/latex/euenc/eu1lmr.fd
File: eu1lmr.fd 2009/10/30 v1.6 Font defs for Latin Modern
))
(/usr/local/texlive/2013/texmf-dist/tex/xelatex/xunicode/xunicode.sty
File: xunicode.sty 2011/09/09 v0.981 provides access to latin accents and many 
other characters in Unicode lower plane

(/usr/local/texlive/2013/texmf-dist/tex/latex/tipa/t3enc.def
File: t3enc.def 2001/12/31 T3 encoding
LaTeX Font Info:    Try loading font information for EU1+lmss on input line 357
.

(/usr/local/texlive/2013/texmf-dist/tex/latex/euenc/eu1lmss.fd
File: eu1lmss.fd 2009/10/30 v1.6 Font defs for Latin Modern
))
\tipaTiiicode=\count140
\tipasavetokens=\toks22
\tipachecktokens=\toks23

(/usr/local/texlive/2013/texmf-dist/tex/latex/graphics/graphicx.sty
Package: graphicx 1999/02/16 v1.0f Enhanced LaTeX Graphics (DPC,SPQR)

(/usr/local/texlive/2013/texmf-dist/tex/latex/graphics/graphics.sty
Package: graphics 2009/02/05 v1.0o Standard LaTeX Graphics (DPC,SPQR)

(/usr/local/texlive/2013/texmf-dist/tex/latex/graphics/trig.sty
Package: trig 1999/03/16 v1.09 sin cos tan (DPC)
)
(/usr/local/texlive/2013/texmf-dist/tex/latex/latexconfig/graphics.cfg
File: graphics.cfg 2010/04/23 v1.9 graphics configuration of TeX Live
)
Package graphics Info: Driver file: xetex.def on input line 91.
)
\Gin@req@height=\dimen155
\Gin@req@width=\dimen156
))
.................................................
. LaTeX info: "xparse/define-command"
. 
. Defining document command \fontspec with arg. spec. 'O{}m' on line 41.
.................................................
.................................................
. LaTeX info: "xparse/define-command"
. 
. Defining document command \setmainfont with arg. spec. 'O{}m' on line 46.
.................................................
.................................................
. LaTeX info: "xparse/define-command"
. 
. Defining document command \setsansfont with arg. spec. 'O{}m' on line 51.
.................................................
.................................................
. LaTeX info: "xparse/define-command"
. 
. Defining document command \setmonofont with arg. spec. 'O{}m' on line 56.
.................................................
.................................................
. LaTeX info: "xparse/define-command"
. 
. Defining document command \setmathrm with arg. spec. 'O{}m' on line 65.
.................................................
.................................................
. LaTeX info: "xparse/define-command"
. 
. Defining document command \setboldmathrm with arg. spec. 'O{}m' on line 69.
.................................................
.................................................
. LaTeX info: "xparse/define-command"
. 
. Defining document command \setmathsf with arg. spec. 'O{}m' on line 73.
.................................................
.................................................
. LaTeX info: "xparse/define-command"
. 
. Defining document command \setmathtt with arg. spec. 'O{}m' on line 77.
.................................................
.................................................
. LaTeX info: "xparse/define-command"
. 
. Defining document command \newfontfamily with arg. spec. 'mO{}m' on line 96.
.................................................
.................................................
. LaTeX info: "xparse/define-command"
. 
. Defining document command \newfontface with arg. spec. 'mO{}m' on line 100.
.................................................
.................................................
. LaTeX info: "xparse/define-command"
. 
. Defining document command \defaultfontfeatures with arg. spec. 'om' on line
. 108.
.................................................
.................................................
. LaTeX info: "xparse/define-command"
. 
. Defining document command \addfontfeatures with arg. spec. 'm' on line 144.
.................................................
.................................................
. LaTeX info: "xparse/define-command"
. 
. Defining document command \newfontfeature with arg. spec. 'mm' on line 156.
.................................................
.................................................
. LaTeX info: "xparse/define-command"
. 
. Defining document command \newAATfeature with arg. spec. 'mmmm' on line 164.
.................................................
.................................................
. LaTeX info: "xparse/define-command"
. 
. Defining document command \newICUfeature with arg. spec. 'mmm' on line 172.
.................................................
.................................................
. LaTeX info: "xparse/define-command"
. 
. Defining document command \aliasfontfeature with arg. spec. 'mm' on line
. 201.
.................................................
.................................................
. LaTeX info: "xparse/define-command"
. 
. Defining document command \aliasfontfeatureoption with arg. spec. 'mmm' on
. line 203.
.................................................
.................................................
. LaTeX info: "xparse/define-command"
. 
. Defining document command \newfontscript with arg. spec. 'mm' on line 208.
.................................................
.................................................
. LaTeX info: "xparse/define-command"
. 
. Defining document command \newfontlanguage with arg. spec. 'mm' on line 235.
.................................................
.................................................
. LaTeX info: "xparse/define-command"
. 
. Defining document command \DeclareFontsExtensions with arg. spec. 'm' on
. line 256.
.................................................
Variant \prop_gput:cnV already defined; not changing it on line 582
Variant \prop_gput:cnx already defined; not changing it on line 583
\l_fontspec_tmp_int=\count141
LaTeX Info: Redefining \itshape on input line 2087.
LaTeX Info: Redefining \slshape on input line 2092.
LaTeX Info: Redefining \scshape on input line 2097.
LaTeX Info: Redefining \upshape on input line 2102.

(/usr/local/texlive/2013/texmf-dist/tex/latex/fontspec/fontspec.cfg)))
(/usr/local/texlive/2013/texmf-dist/tex/latex/mdwtools/footnote.sty
Package: footnote 1997/01/28 1.13 Save footnotes around boxes
\fn@notes=\box49
\fn@width=\dimen157
)
(/usr/local/texlive/2013/texmf-dist/tex/latex/hyperref/hyperref.sty
Package: hyperref 2012/11/06 v6.83m Hypertext links for LaTeX

(/usr/local/texlive/2013/texmf-dist/tex/generic/oberdiek/hobsub-hyperref.sty
Package: hobsub-hyperref 2012/05/28 v1.13 Bundle oberdiek, subset hyperref (HO)


(/usr/local/texlive/2013/texmf-dist/tex/generic/oberdiek/hobsub-generic.sty
Package: hobsub-generic 2012/05/28 v1.13 Bundle oberdiek, subset generic (HO)
Package: hobsub 2012/05/28 v1.13 Construct package bundles (HO)
Package: infwarerr 2010/04/08 v1.3 Providing info/warning/error messages (HO)
Package: ltxcmds 2011/11/09 v1.22 LaTeX kernel commands for general use (HO)
Package: ifluatex 2010/03/01 v1.3 Provides the ifluatex switch (HO)
Package ifluatex Info: LuaTeX not detected.
Package: ifvtex 2010/03/01 v1.5 Detect VTeX and its facilities (HO)
Package ifvtex Info: VTeX not detected.
Package: intcalc 2007/09/27 v1.1 Expandable calculations with integers (HO)
Package hobsub Info: Skipping package `ifpdf' (already loaded).
Package: etexcmds 2011/02/16 v1.5 Avoid name clashes with e-TeX commands (HO)
Package etexcmds Info: Could not find \expanded.
(etexcmds)             That can mean that you are not using pdfTeX 1.50 or
(etexcmds)             that some package has redefined \expanded.
(etexcmds)             In the latter case, load this package earlier.
Package: kvsetkeys 2012/04/25 v1.16 Key value parser (HO)
Package: kvdefinekeys 2011/04/07 v1.3 Define keys (HO)
Package: pdftexcmds 2011/11/29 v0.20 Utility functions of pdfTeX for LuaTeX (HO
)
Package pdftexcmds Info: LuaTeX not detected.
Package pdftexcmds Info: pdfTeX >= 1.30 not detected.
Package pdftexcmds Info: \pdf@primitive is available.
Package pdftexcmds Info: \pdf@ifprimitive is available.
Package pdftexcmds Info: \pdfdraftmode not found.
Package: pdfescape 2011/11/25 v1.13 Implements pdfTeX's escape features (HO)
Package: bigintcalc 2012/04/08 v1.3 Expandable calculations on big integers (HO
)
Package: bitset 2011/01/30 v1.1 Handle bit-vector datatype (HO)
Package: uniquecounter 2011/01/30 v1.2 Provide unlimited unique counter (HO)
)
Package hobsub Info: Skipping package `hobsub' (already loaded).
Package: letltxmacro 2010/09/02 v1.4 Let assignment for LaTeX macros (HO)
Package: hopatch 2012/05/28 v1.2 Wrapper for package hooks (HO)
Package: xcolor-patch 2011/01/30 xcolor patch
Package: atveryend 2011/06/30 v1.8 Hooks at the very end of document (HO)
Package atveryend Info: \AP@enddocument detected (standard20110627).
Package: atbegshi 2011/10/05 v1.16 At begin shipout hook (HO)
Package: refcount 2011/10/16 v3.4 Data extraction from label references (HO)
Package: hycolor 2011/01/30 v1.7 Color options for hyperref/bookmark (HO)
)
(/usr/local/texlive/2013/texmf-dist/tex/generic/ifxetex/ifxetex.sty
Package: ifxetex 2010/09/12 v0.6 Provides ifxetex conditional
)
(/usr/local/texlive/2013/texmf-dist/tex/latex/oberdiek/auxhook.sty
Package: auxhook 2011/03/04 v1.3 Hooks for auxiliary files (HO)
)
(/usr/local/texlive/2013/texmf-dist/tex/latex/oberdiek/kvoptions.sty
Package: kvoptions 2011/06/30 v3.11 Key value format for package options (HO)
)
\@linkdim=\dimen158
\Hy@linkcounter=\count142
\Hy@pagecounter=\count143

(/usr/local/texlive/2013/texmf-dist/tex/latex/hyperref/pd1enc.def
File: pd1enc.def 2012/11/06 v6.83m Hyperref: PDFDocEncoding definition (HO)
)
\Hy@SavedSpaceFactor=\count144

(/usr/local/texlive/2013/texmf-dist/tex/latex/latexconfig/hyperref.cfg
File: hyperref.cfg 2002/06/06 v1.2 hyperref configuration of TeXLive
)
Package hyperref Info: Hyper figures OFF on input line 4443.
Package hyperref Info: Link nesting OFF on input line 4448.
Package hyperref Info: Hyper index ON on input line 4451.
Package hyperref Info: Plain pages OFF on input line 4458.
Package hyperref Info: Backreferencing OFF on input line 4463.
Package hyperref Info: Implicit mode ON; LaTeX internals redefined.
Package hyperref Info: Bookmarks ON on input line 4688.
\c@Hy@tempcnt=\count145

(/usr/local/texlive/2013/texmf-dist/tex/latex/url/url.sty
\Urlmuskip=\muskip17
Package: url 2006/04/12  ver 3.3  Verb mode for urls, etc.
)
LaTeX Info: Redefining \url on input line 5041.
\XeTeXLinkMargin=\dimen159
\Fld@menulength=\count146
\Field@Width=\dimen160
\Fld@charsize=\dimen161
Package hyperref Info: Hyper figures OFF on input line 6295.
Package hyperref Info: Link nesting OFF on input line 6300.
Package hyperref Info: Hyper index ON on input line 6303.
Package hyperref Info: backreferencing OFF on input line 6310.
Package hyperref Info: Link coloring OFF on input line 6315.
Package hyperref Info: Link coloring with OCG OFF on input line 6320.
Package hyperref Info: PDF/A mode OFF on input line 6325.
LaTeX Info: Redefining \ref on input line 6365.
LaTeX Info: Redefining \pageref on input line 6369.
\Hy@abspage=\count147
\c@Item=\count148
\c@Hfootnote=\count149
)

Package hyperref Message: Driver (autodetected): hxetex.

(/usr/local/texlive/2013/texmf-dist/tex/latex/hyperref/hxetex.def
File: hxetex.def 2012/11/06 v6.83m Hyperref driver for XeTeX

(/usr/local/texlive/2013/texmf-dist/tex/latex/hyperref/puenc.def
File: puenc.def 2012/11/06 v6.83m Hyperref: PDF Unicode definition (HO)
)
(/usr/local/texlive/2013/texmf-dist/tex/generic/oberdiek/stringenc.sty
Package: stringenc 2011/12/02 v1.10 Convert strings between diff. encodings (HO
)
)
\pdfm@box=\box50
\c@Hy@AnnotLevel=\count150
\HyField@AnnotCount=\count151
\Fld@listcount=\count152
\c@bookmark@seq@number=\count153

(/usr/local/texlive/2013/texmf-dist/tex/latex/oberdiek/rerunfilecheck.sty
Package: rerunfilecheck 2011/04/15 v1.7 Rerun checks for auxiliary files (HO)
Package rerunfilecheck Info: Feature \pdfmdfivesum is not available
(rerunfilecheck)             (e.g. pdfTeX or LuaTeX with package `pdftexcmds').

(rerunfilecheck)             Therefore file contents cannot be checked efficien
tly
(rerunfilecheck)             and the loading of the package is aborted.
)
\Hy@SectionHShift=\skip52
)
(/usr/local/texlive/2013/texmf-dist/tex/latex/tools/multicol.sty
Package: multicol 2011/06/27 v1.7a multicolumn formatting (FMi)
\c@tracingmulticols=\count154
\mult@box=\box51
\multicol@leftmargin=\dimen162
\c@unbalance=\count155
\c@collectmore=\count156
\doublecol@number=\count157
\multicoltolerance=\count158
\multicolpretolerance=\count159
\full@width=\dimen163
\page@free=\dimen164
\premulticols=\dimen165
\postmulticols=\dimen166
\multicolsep=\skip53
\multicolbaselineskip=\skip54
\partial@page=\box52
\last@line=\box53
\mult@rightbox=\box54
\mult@grightbox=\box55
\mult@gfirstbox=\box56
\mult@firstbox=\box57
\@tempa=\box58
\@tempa=\box59
\@tempa=\box60
\@tempa=\box61
\@tempa=\box62
\@tempa=\box63
\@tempa=\box64
\@tempa=\box65
\@tempa=\box66
\@tempa=\box67
\@tempa=\box68
\@tempa=\box69
\@tempa=\box70
\@tempa=\box71
\@tempa=\box72
\@tempa=\box73
\@tempa=\box74
\c@columnbadness=\count160
\c@finalcolumnbadness=\count161
\last@try=\dimen167
\multicolovershoot=\dimen168
\multicolundershoot=\dimen169
\mult@nat@firstbox=\box75
\colbreak@box=\box76
\multicol@sort@counter=\count162
)
(/usr/local/texlive/2013/texmf-dist/tex/latex/multirow/multirow.sty
\bigstrutjot=\dimen170
)
(/usr/local/texlive/2013/texmf-dist/tex/latex/oberdiek/pdflscape.sty
Package: pdflscape 2008/08/11 v0.10 Display of landscape pages in PDF (HO)

(/usr/local/texlive/2013/texmf-dist/tex/latex/graphics/lscape.sty
Package: lscape 2000/10/22 v3.01 Landscape Pages (DPC)
)
Package pdflscape Info: Auto-detected driver: dvipdfm (xetex) on input line 98.

)
(/usr/local/texlive/2013/texmf-dist/tex/latex/tablefootnote/tablefootnote.sty
Package: tablefootnote 2012/07/29 v1.0h Table foot notes (HMM)

(/usr/local/texlive/2013/texmf-dist/tex/latex/etoolbox/etoolbox.sty
Package: etoolbox 2011/01/03 v2.1 e-TeX tools for LaTeX
\etb@tempcnta=\count163
))
(/usr/local/texlive/2013/texmf-dist/tex/latex/titlesec/titlesec.sty
Package: titlesec 2011/12/15 v2.10.0 Sectioning titles
\ttl@box=\box77
\beforetitleunit=\skip55
\aftertitleunit=\skip56
\ttl@plus=\dimen171
\ttl@minus=\dimen172
\ttl@toksa=\toks24
\titlewidth=\dimen173
\titlewidthlast=\dimen174
\titlewidthfirst=\dimen175
)
(/usr/local/texlive/2013/texmf-dist/tex/latex/titling/titling.sty
Package: titling 2009/09/04 v2.1d maketitle typesetting
\thanksmarkwidth=\skip57
\thanksmargin=\skip58
\droptitle=\skip59
)
(/usr/local/texlive/2013/texmf-dist/tex/latex/cleveref/cleveref.sty
Package: cleveref 2013/03/22 v0.18.9 Intelligent cross-referencing
Package cleveref Info: `hyperref' support loaded on input line 2163.
LaTeX Info: Redefining \cref on input line 2163.
LaTeX Info: Redefining \Cref on input line 2163.
LaTeX Info: Redefining \crefrange on input line 2163.
LaTeX Info: Redefining \Crefrange on input line 2163.
LaTeX Info: Redefining \cpageref on input line 2163.
LaTeX Info: Redefining \Cpageref on input line 2163.
LaTeX Info: Redefining \cpagerefrange on input line 2163.
LaTeX Info: Redefining \Cpagerefrange on input line 2163.
LaTeX Info: Redefining \labelcref on input line 2163.
LaTeX Info: Redefining \labelcpageref on input line 2163.
Package cleveref Info: always capitalise cross-reference names on input line 73
63.
Package cleveref Info: include cross-reference names in hyperlinks on input lin
e 7369.
Package cleveref Info: always capitalise cross-reference names on input line 73
86.
Package cleveref Info: include cross-reference names in hyperlinks on input lin
e 7386.
)
Package hyperref Info: Option `colorlinks' set `true' on input line 47.

(/usr/local/texlive/2013/texmf-dist/tex/latex/tools/array.sty
Package: array 2008/09/09 v2.4c Tabular extension package (FMi)
\col@sep=\dimen176
\extrarowheight=\dimen177
\NC@list=\toks25
\extratabsurround=\skip60
\backup@length=\skip61
)
\c@dummy=\count164

(/usr/local/texlive/2013/texmf-dist/tex/latex/natbib/natbib.sty
Package: natbib 2010/09/13 8.31b (PWD, AO)
\bibhang=\skip62
\bibsep=\skip63
LaTeX Info: Redefining \cite on input line 694.
\c@NAT@ctr=\count165
)
(/usr/local/texlive/2013/texmf-dist/tex/latex/fancyhdr/fancyhdr.sty
\fancy@headwidth=\skip64
\f@ncyO@elh=\skip65
\f@ncyO@erh=\skip66
\f@ncyO@olh=\skip67
\f@ncyO@orh=\skip68
\f@ncyO@elf=\skip69
\f@ncyO@erf=\skip70
\f@ncyO@olf=\skip71
\f@ncyO@orf=\skip72
))
(/usr/local/texlive/2013/texmf-dist/tex/latex/polyglossia/polyglossia.sty
Package: polyglossia 2013/05/28 v1.33.3 Babel replacement for XeLaTeX and LuaTe
X

(/usr/local/texlive/2013/texmf-dist/tex/latex/makecmds/makecmds.sty
Package: makecmds 2009/09/03 v1.0a extra command making commands
)
(/usr/local/texlive/2013/texmf-dist/tex/latex/xkeyval/xkeyval.sty
Package: xkeyval 2012/10/14 v2.6b package option processing (HA)

(/usr/local/texlive/2013/texmf-dist/tex/generic/xkeyval/xkeyval.tex
\XKV@toks=\toks26
\XKV@tempa@toks=\toks27
\XKV@depth=\count166
File: xkeyval.tex 2012/10/14 v2.6b key=value parser (HA)
))
\xpg@normalclass=\XeTeXintercharclass4
)
(./definitions.tex (./chapter4/IAmacros.tex)) (./style.tex
\g__file_internal_ior=\read1
.................................................
. fontspec info: "no-scripts"
. 
. Font Baskerville does not contain any OpenType `Script' information.
.................................................
\g_fontspec_family_Baskerville_int=\count167
.................................................
. fontspec info: "defining-font"
. 
. Font family 'Baskerville(0)' created for font 'Baskerville' with options
. [Ligatures=TeX,].
. 
. This font family consists of the following shapes:
. 
. * 'normal' with NFSS spec.:
. <->"Baskerville/AAT:mapping=tex-text;"
. 
. * 'bold' with NFSS spec.:
. <->"Baskerville/B/AAT:mapping=tex-text;"
. 
. * 'italic' with NFSS spec.:
. <->"Baskerville/I/AAT:mapping=tex-text;"
. 
. * 'bold italic' with NFSS spec.:
. <->"Baskerville/BI/AAT:mapping=tex-text;"
.................................................
\g_fontspec_family_Georgia_int=\count168
.................................................
. fontspec info: "defining-font"
. 
. Font family 'Georgia(0)' created for font 'Georgia' with options
. [Ligatures=TeX,].
. 
. This font family consists of the following shapes:
. 
. * 'normal' with NFSS spec.:
. <->"Georgia/ICU:script=latn;language=DFLT;mapping=tex-text;"
. 
. * 'bold' with NFSS spec.:
. <->"Georgia/B/ICU:script=latn;language=DFLT;mapping=tex-text;"
. 
. * 'italic' with NFSS spec.:
. <->"Georgia/I/ICU:script=latn;language=DFLT;mapping=tex-text;"
. 
. * 'bold italic' with NFSS spec.:
. <->"Georgia/BI/ICU:script=latn;language=DFLT;mapping=tex-text;"
.................................................
.................................................
. fontspec info: "no-scripts"
. 
. Font Times does not contain any OpenType `Script' information.
.................................................
\g_fontspec_family_Times_int=\count169
.................................................
. fontspec info: "defining-font"
. 
. Font family 'Times(0)' created for font 'Times' with options
. [Ligatures=TeX,].
. 
. This font family consists of the following shapes:
. 
. * 'normal' with NFSS spec.:
. <->"Times/AAT:mapping=tex-text;"
. 
. * 'bold' with NFSS spec.:
. <->"Times/B/AAT:mapping=tex-text;"
. 
. * 'italic' with NFSS spec.:
. <->"Times/I/AAT:mapping=tex-text;"
. 
. * 'bold italic' with NFSS spec.:
. <->"Times/BI/AAT:mapping=tex-text;"
.................................................
\chapheight=\skip73

(/usr/local/texlive/2013/texmf-dist/tex/latex/polyglossia/gloss-english.ldf
File: gloss-english.ldf polyglossia: module for english
)
Package polyglossia Info: Default language is english.

(/usr/local/texlive/2013/texmf-dist/tex/latex/polyglossia/gloss-dutch.ldf
File: gloss-dutch.ldf polyglossia: module for dutch

(/usr/local/texlive/2013/texmf-dist/tex/latex/polyglossia/babelsh.def
File: babelsh.def 2013/04/30 Babel common definitions for shorthands
 Taken verbatim from babel.def (2013/04/15 v3.9e)
)
Package polyglossia Info: Making " an active character on input line 20.
))
(./thesis.aux (./chapter1/introduction.aux) (./chapter2/chapter2.aux)
(./chapter3/chapter3.aux

LaTeX Warning: Label `s:previous' multiply defined.


LaTeX Warning: Label `s:previous@cref' multiply defined.

) (./chapter4/chapter4.aux) (./chapter5/chapter5.aux

LaTeX Warning: Label `s:shapes' multiply defined.


LaTeX Warning: Label `s:shapes@cref' multiply defined.


LaTeX Warning: Label `s:results' multiply defined.


LaTeX Warning: Label `s:results@cref' multiply defined.


LaTeX Warning: Label `s:masses' multiply defined.


LaTeX Warning: Label `s:masses@cref' multiply defined.


LaTeX Warning: Label `s:conclusions' multiply defined.


LaTeX Warning: Label `s:conclusions@cref' multiply defined.

))
\openout1 = `thesis.aux'.

LaTeX Font Info:    Checking defaults for OML/cmm/m/it on input line 10.
LaTeX Font Info:    ... okay on input line 10.
LaTeX Font Info:    Checking defaults for T1/cmr/m/n on input line 10.
LaTeX Font Info:    ... okay on input line 10.
LaTeX Font Info:    Checking defaults for OT1/cmr/m/n on input line 10.
LaTeX Font Info:    ... okay on input line 10.
LaTeX Font Info:    Checking defaults for OMS/cmsy/m/n on input line 10.
LaTeX Font Info:    ... okay on input line 10.
LaTeX Font Info:    Checking defaults for OMX/cmex/m/n on input line 10.
LaTeX Font Info:    ... okay on input line 10.
LaTeX Font Info:    Checking defaults for U/cmr/m/n on input line 10.
LaTeX Font Info:    ... okay on input line 10.
LaTeX Font Info:    Checking defaults for EU1/lmr/m/n on input line 10.
LaTeX Font Info:    ... okay on input line 10.
LaTeX Font Info:    Checking defaults for T3/cmr/m/n on input line 10.
LaTeX Font Info:    Try loading font information for T3+cmr on input line 10.
 (/usr/local/texlive/2013/texmf-dist/tex/latex/tipa/t3cmr.fd
File: t3cmr.fd 2001/12/31 TIPA font definitions
)
LaTeX Font Info:    ... okay on input line 10.
LaTeX Font Info:    Checking defaults for PD1/pdf/m/n on input line 10.
LaTeX Font Info:    ... okay on input line 10.
LaTeX Font Info:    Checking defaults for PU/pdf/m/n on input line 10.
LaTeX Font Info:    ... okay on input line 10.
Package caption Info: Begin \AtBeginDocument code.
Package caption Info: hyperref package is loaded.
Package caption Info: End \AtBeginDocument code.
\AtBeginShipoutBox=\box78
Package hyperref Info: Link coloring ON on input line 10.

(/usr/local/texlive/2013/texmf-dist/tex/latex/hyperref/nameref.sty
Package: nameref 2012/10/27 v2.43 Cross-referencing by name of section

(/usr/local/texlive/2013/texmf-dist/tex/generic/oberdiek/gettitlestring.sty
Package: gettitlestring 2010/12/03 v1.4 Cleanup title references (HO)
)
\c@section@level=\count170
)
LaTeX Info: Redefining \ref on input line 10.
LaTeX Info: Redefining \pageref on input line 10.
LaTeX Info: Redefining \nameref on input line 10.

(./thesis.out) (./thesis.out)
\@outlinefile=\write3
\openout3 = `thesis.out'.

 (./titlepage.tex
(/usr/local/texlive/2013/texmf-dist/tex/generic/oberdiek/se-ascii-print.def
File: se-ascii-print.def 2011/12/02 v1.10 stringenc: Printable ASCII characters

)
[1

]
LaTeX Font Info:    Try loading font information for U+msa on input line 44.
 (/usr/local/texlive/2013/texmf-dist/tex/latex/amsfonts/umsa.fd
File: umsa.fd 2013/01/14 v3.01 AMS symbols A
)
LaTeX Font Info:    Try loading font information for U+msb on input line 44.

(/usr/local/texlive/2013/texmf-dist/tex/latex/amsfonts/umsb.fd
File: umsb.fd 2013/01/14 v3.01 AMS symbols B
)
LaTeX Font Info:    Try loading font information for EU1+lmtt on input line 62.


(/usr/local/texlive/2013/texmf-dist/tex/latex/euenc/eu1lmtt.fd
File: eu1lmtt.fd 2009/10/30 v1.6 Font defs for Latin Modern
) [2]

Package natbib Warning: Citation `Franquin' on page iii undefined on input line
 76.

[3]
LaTeX Font Info:    Try loading font information for EU1+cmss on input line 87.

LaTeX Font Info:    No file EU1cmss.fd. on input line 87.


LaTeX Font Warning: Font shape `EU1/cmss/m/n' undefined
(Font)              using `EU1/lmr/m/n' instead on input line 87.

[4]) (./thesis.toc
Overfull \hbox (11.12619pt too wide) in paragraph at lines 22--22
 [] [][][]\EU1/Baskerville(0)/bx/n/10.95 Dynamical masses of galaxy clusters se
lected through the Sunyaev- 
 []

[5

]
Overfull \hbox (8.12968pt too wide) in paragraph at lines 49--49
 [] [][][]\EU1/Baskerville(0)/bx/n/10.95 Galaxy alignments in massive clusters 
from $\OMS/cmsy/m/n/10.95 ^^X$\EU1/Baskerville(0)/bx/n/10.95 14,000 spectroscop
ic 
 []

[6])
\tf@toc=\write4
\openout4 = `thesis.toc'.

 [7]
\openout2 = `chapter1/introduction.aux'.

 (./chapter1/introduction.tex [8


]
Chapter 1.

Overfull \hbox (4.54626pt too wide) in paragraph at lines 2--2
[][] 
 []

[1]
File: chapter1/web_2df.jpg Graphic file (type QTm)
 <use  "chapter1/web_2df.jpg" > [2] [3]
File: chapter1/cosmo_SZ_ACT.png Graphic file (type QTm)
 <use  "chapter1/cosmo_SZ_ACT.png" >
File: chapter1/cosmo_SZ_Planck.png Graphic file (type QTm)

<use  "chapter1/cosmo_SZ_Planck.png" > [4]
Underfull \vbox (badness 10000) has occurred while \output is active []

 [5]
[6] [7]) [8]
\openout2 = `chapter2/chapter2.aux'.

 (./chapter2/chapter2.tex
Chapter 2.

Package hyperref Warning: Token not allowed in a PDF string (Unicode):
(hyperref)                removing `math shift' on input line 2.


Package hyperref Warning: Token not allowed in a PDF string (Unicode):
(hyperref)                removing `math shift' on input line 2.


Package hyperref Warning: Token not allowed in a PDF string (Unicode):
(hyperref)                removing `math shift' on input line 2.


Package hyperref Warning: Token not allowed in a PDF string (Unicode):
(hyperref)                removing `math shift' on input line 2.


Overfull \hbox (10.21738pt too wide) in paragraph at lines 2--2
[][] 
 []


LaTeX Font Warning: Font shape `EU1/Baskerville(0)/m/sc' undefined
(Font)              using `EU1/Baskerville(0)/m/n' instead on input line 13.


Underfull \vbox (badness 10000) has occurred while \output is active []

 [9



]
Underfull \vbox (badness 10000) has occurred while \output is active []

 [10]
[11]
File: chapter2/opticalimg-zoom.pdf Graphic file (type QTm)
 <use  "chapter2/opticalimg-zoom.pdf" >

Package natbib Warning: Citation `rvsao' on page 12 undefined on input line 139
.

[12]
File: chapter2/giantarc.pdf Graphic file (type QTm)
 <use  "chapter2/giantarc.pdf" >

LaTeX Warning: Command \AA invalid in math mode on input line 207.


LaTeX Warning: Command \r invalid in math mode on input line 207.


LaTeX Warning: Command \AA invalid in math mode on input line 207.


LaTeX Warning: Command \r invalid in math mode on input line 207.

Missing character: There is no Å in font cmmi9!
Missing character: There is no Å in font cmmi9!

LaTeX Warning: Command \AA invalid in math mode on input line 207.


LaTeX Warning: Command \r invalid in math mode on input line 207.


LaTeX Warning: Command \AA invalid in math mode on input line 207.


LaTeX Warning: Command \r invalid in math mode on input line 207.

Missing character: There is no Å in font cmmi9!
Missing character: There is no Å in font cmmi9!
File: chapter2/sl-contours.pdf Graphic file (type QTm)
<use  "chapter2/sl-contours.pdf" >
Underfull \vbox (badness 10000) has occurred while \output is active []

 [13]
[14] [15] [16]
File: chapter2/radioimg.pdf Graphic file (type QTm)
 <use  "chapter2/radioimg.pdf" >
Underfull \hbox (badness 10000) in paragraph at lines 398--406

 []


Underfull \hbox (badness 10000) in paragraph at lines 406--406
[]\EU1/lmss/bx/n/9 Figure 2.4: |$\OT1/cmr/m/n/9 10[] \OMS/cmsy/m/n/9 ^^B \OT1/c
mr/m/n/9 10[]$ \EU1/lmss/m/n/9 TGSS
 []

[17] [18] [19] [20] [21] [22]) [23


]
\openout2 = `chapter3/chapter3.aux'.

 (./chapter3/chapter3.tex [24



]
Chapter 3.

Overfull \hbox (10.13635pt too wide) in paragraph at lines 160--160
[][] 
 []


Underfull \hbox (badness 10000) in paragraph at lines 160--160
[]\EU1/Georgia(0)/bx/n/20.74 Dynamical masses of
 []


Underfull \hbox (badness 10000) in paragraph at lines 160--160
\EU1/Georgia(0)/bx/n/20.74 galaxy clusters selected
 []


Underfull \hbox (badness 10000) in paragraph at lines 160--160
\EU1/Georgia(0)/bx/n/20.74 through the Sunyaev-
 []


Underfull \vbox (badness 10000) has occurred while \output is active []

 [25]
Underfull \vbox (badness 3471) has occurred while \output is active []

 [26]
[27] [28] [29]
File: chapter3/compare_redshifts.pdf Graphic file (type QTm)
 <use  "chapter3/compare_redshifts.pdf" > [30] [31] [32]
Underfull \vbox (badness 3260) has occurred while \output is active []

 [33


]
Overfull \hbox (2.9836pt too wide) in paragraph at lines 353--366
[]\EU1/Baskerville(0)/m/sc/10.95 Additionally, the cluster ACT-CL J0239.8$\OMS/
cmsy/m/n/10.95 ^^@$\EU1/Baskerville(0)/m/sc/10.95 0134 ($\OML/cmm/m/it/10.95 z 
\OT1/cmr/m/n/10.95 = 0\OML/cmm/m/it/10.95 :\OT1/cmr/m/n/10.95 375$\EU1/Baskervi
lle(0)/m/sc/10.95 ) is the well-studied,
 []

[34] [35] [36]
LaTeX Font Info:    Font shape `EU1/lmss/m/it' in size <9> not available
(Font)              Font shape `EU1/lmss/m/sl' tried instead on input line 538.


Overfull \hbox (7.00897pt too wide) in paragraph at lines 538--538
 [][] 
 []

[37] [38]
Underfull \vbox (badness 4316) has occurred while \output is active []

 [39


]
File: chapter3/observation_south.pdf Graphic file (type QTm)

<use  "chapter3/observation_south.pdf" >
File: chapter3/observation_equator.pdf Graphic file (type QTm)

<use  "chapter3/observation_equator.pdf" >
File: chapter3/Histo_veldisp_COMP.png Graphic file (type QTm)

<use  "chapter3/Histo_veldisp_COMP.png" >
Underfull \vbox (badness 4316) has occurred while \output is active []

 [40]
File: chapter3/veldisp_r_correction.png Graphic file (type QTm)

<use  "chapter3/veldisp_r_correction.png" >
File: chapter3/scalings-literature_ratios.pdf Graphic file (type QTm)

<use  "chapter3/scalings-literature_ratios.pdf" > [41] [42]
Underfull \vbox (badness 10000) has occurred while \output is active []

 [43]
[44] [45]
Underfull \vbox (badness 10000) has occurred while \output is active []

 [46]
[47] [48] [49]
File: chapter3/mdyn_msz_final_dm14_fracerr_debiased.pdf Graphic file (type QTm)

 <use  "chapter3/mdyn_msz_final_dm14_fracerr_debiased.pdf" >
[50] [51]
File: chapter3/vbcg_dstest-sims_full_dslog.pdf Graphic file (type QTm)
 <use  "chapter3/vbcg_dstest-sims_full_dslog.pdf" > [52]
Underfull \vbox (badness 1383) has occurred while \output is active []

 [53]
File: chapter3/ACT-CL_J03268-0043.pdf Graphic file (type QTm)

<use  "chapter3/ACT-CL_J03268-0043.pdf" >
File: chapter3/J0326_BCG_spectrum.pdf Graphic file (type QTm)

<use  "chapter3/J0326_BCG_spectrum.pdf" > [54]

Package hyperref Warning: Token not allowed in a PDF string (Unicode):
(hyperref)                removing `math shift' on input line 1036.


Package hyperref Warning: Token not allowed in a PDF string (Unicode):
(hyperref)                removing `math shift' on input line 1036.

[55]

Package hyperref Warning: Token not allowed in a PDF string (Unicode):
(hyperref)                removing `math shift' on input line 1061.


Package hyperref Warning: Token not allowed in a PDF string (Unicode):
(hyperref)                removing `math shift' on input line 1061.

[56]
Overfull \hbox (25.57495pt too wide) in paragraph at lines 1096--1097
[][][]\EU1/Baskerville(0)/m/sc/10.95 Gilmour et al.[][] ([][]2009[][]) analyzed
 a 10 ks \EU1/Baskerville(0)/m/it/10.95 Chandra \EU1/Baskerville(0)/m/sc/10.95 
observation of ACT-CL J0326.8$\OMS/cmsy/m/n/10.95 ^^@$\EU1/Baskerville(0)/m/sc/
10.95 0043
 []


Package hyperref Warning: Token not allowed in a PDF string (Unicode):
(hyperref)                removing `math shift' on input line 1098.


Package hyperref Warning: Token not allowed in a PDF string (Unicode):
(hyperref)                removing `math shift' on input line 1098.

File: chapter3/ACT-CL_J20505-0055.pdf Graphic file (type QTm)
<use  "chapter3/ACT-CL_J20505-0055.pdf" > [57] [58]
File: chapter3/ACT-CL_J23025+0002.pdf Graphic file (type QTm)

<use  "chapter3/ACT-CL_J23025+0002.pdf" > [59]
Underfull \vbox (badness 1571) has occurred while \output is active []

 [60]
[61]
File: chapter3/figure_a1.pdf Graphic file (type QTm)
 <use  "chapter3/figure_a1.pdf" >
File: chapter3/figure_a2.pdf Graphic file (type QTm)
 <use  "chapter3/figure_a2.pdf" >
Underfull \vbox (badness 10000) has occurred while \output is active []

 [62]
[63] [64]
Underfull \vbox (badness 10000) has occurred while \output is active []

 [65]
File: chapter3/histograms_all_south.pdf Graphic file (type QTm)

<use  "chapter3/histograms_all_south.pdf" >
File: chapter3/histograms_all_equator.pdf Graphic file (type QTm)

<use  "chapter3/histograms_all_equator.pdf" >) [66] [67] [68]
\openout2 = `chapter4/chapter4.aux'.


(./chapter4/chapter4.tex
Chapter 4.

Package hyperref Warning: Token not allowed in a PDF string (Unicode):
(hyperref)                removing `math shift' on input line 3.


Package hyperref Warning: Token not allowed in a PDF string (Unicode):
(hyperref)                removing `\sim' on input line 3.


Package hyperref Warning: Token not allowed in a PDF string (Unicode):
(hyperref)                removing `math shift' on input line 3.


Overfull \hbox (11.16931pt too wide) in paragraph at lines 3--3
[][] 
 []


Underfull \vbox (badness 10000) has occurred while \output is active []

 [69



]
Underfull \vbox (badness 10000) has occurred while \output is active []

 [70]
[71]
File: chapter4/Nmembers.pdf Graphic file (type QTm)
 <use  "chapter4/Nmembers.pdf" >

Package natbib Warning: Citation `vanderburg13' on page 72 undefined on input l
ine 151.


Package natbib Warning: Citation `vanderburg13' on page 72 undefined on input l
ine 157.

[72] [73]
File: chapter4/member-coverage.pdf Graphic file (type QTm)
 <use  "chapter4/member-coverage.pdf" >
Overfull \hbox (4.18765pt too wide) in paragraph at lines 227--244
\EU1/Baskerville(0)/m/sc/10.95 We searched for spectroscopic redshifts around a
ll clusters in the MENeaCS+CCCP
 []

[74] [75]
File: chapter4/compare-sigma_v2.pdf Graphic file (type QTm)
 <use  "chapter4/compare-sigma_v2.pdf" >

LaTeX Warning: `!h' float specifier changed to `!ht'.

[76]
Underfull \vbox (badness 3849) has occurred while \output is active []

 [77]

Package natbib Warning: Citation `navarro95' on page 78 undefined on input line
 321.

File: chapter4/rspurity-distance.pdf Graphic file (type QTm)
<use  "chapter4/rspurity-distance.pdf" >
File: chapter4/rspurity-mabsolute.pdf Graphic file (type QTm)

<use  "chapter4/rspurity-mabsolute.pdf" >
File: chapter4/rspurity-redshift-1Mpc.pdf Graphic file (type QTm)

<use  "chapter4/rspurity-redshift-1Mpc.pdf" >
File: chapter4/rspurity_legend.pdf Graphic file (type QTm)

<use  "chapter4/rspurity_legend.pdf" > [78] [79]

LaTeX Warning: Float too large for page by 7.24707pt on input line 683.


LaTeX Warning: Float too large for page by 7.09724pt on input line 683.


LaTeX Warning: Float too large for page by 6.99736pt on input line 683.

[80] [81] [82] [83] [84] [85


]
Underfull \vbox (badness 10000) has occurred while \output is active []

 [86]
File: chapter4/distance-ratio_rsnonmembers.pdf Graphic file (type QTm)

<use  "chapter4/distance-ratio_rsnonmembers.pdf" >
Underfull \hbox (badness 1253) in paragraph at lines 799--799
\EU1/lmss/m/n/10 tance ratio, $\OML/cmm/m/it/10 D[]=D[]$\EU1/lmss/m/n/10 , for 
red se-
 []


Underfull \hbox (badness 1661) in paragraph at lines 799--799
\EU1/lmss/m/n/10 from spectroscopic redshifts. The
 []


Underfull \hbox (badness 1009) in paragraph at lines 799--799
\EU1/lmss/m/n/10 quence galaxies from all clusters;
 []

[87]
Underfull \vbox (badness 10000) has occurred while \output is active []

 [88]
[89] [90]
File: chapter4/e1.pdf Graphic file (type QTm)
 <use  "chapter4/e1.pdf" >
File: chapter4/e2.pdf Graphic file (type QTm)
 <use  "chapter4/e2.pdf" >
File: chapter4/phi.pdf Graphic file (type QTm)

<use  "chapter4/phi.pdf" >
File: chapter4/ellipticities.pdf Graphic file (type QTm)
 <use  "chapter4/ellipticities.pdf" >
Underfull \hbox (badness 2460) in paragraph at lines 975--975
\EU1/lmss/m/n/10 measurements from KSB and
 []

File: chapter4/shear-foreground-rnorm.pdf Graphic file (type QTm)
<use  "chapter4/shear-foreground-rnorm.pdf" >
File: chapter4/shear-stars-profile.pdf Graphic file (type QTm)

<use  "chapter4/shear-stars-profile.pdf" >
Underfull \vbox (badness 1418) has occurred while \output is active []

 [91]
[92] [93]
Underfull \vbox (badness 10000) has occurred while \output is active []

 [94]
File: chapter4/shear-spec-rnorm-logbins.pdf Graphic file (type QTm)

<use  "chapter4/shear-spec-rnorm-logbins.pdf" >
File: chapter4/shear-spec-clsub_Mass-2-rnorm-logbins.pdf Graphic file (type QTm
)

<use  "chapter4/shear-spec-clsub_Mass-2-rnorm-logbins.pdf" >
LaTeX Font Info:    Font shape `EU1/lmss/m/it' in size <10> not available
(Font)              Font shape `EU1/lmss/m/sl' tried instead on input line 1139
.
 [95]
Underfull \vbox (badness 10000) has occurred while \output is active []

 [96]
[97] [98] [99]
File: chapter4/shear-spec-galsub-rnorm-logbins.pdf Graphic file (type QTm)
 <use  "chapter4/shear-spec-galsub-rnorm-logbins.pdf" >
Underfull \hbox (badness 2460) in paragraph at lines 1325--1325
[]\EU1/lmss/bx/n/9 Figure 4.10: |\EU1/lmss/m/n/10 Average alignment
 []

File: chapter4/bcg-alignment.pdf Graphic file (type QTm)
<use  "chapter4/bcg-alignment.pdf" > [100


] [101] [102]
File: chapter4/satsat.pdf Graphic file (type QTm)

<use  "chapter4/satsat.pdf" >
Overfull \hbox (1.85829pt too wide) in paragraph at lines 1474--1488
\EU1/Baskerville(0)/m/sc/10.95 The simplest models for galaxy alignments predic
t that elliptical galaxies are aligned
 []

[103] [104] [105]
File: chapter4/cl_cross.pdf Graphic file (type QTm)
 <use  "chapter4/cl_cross.pdf" > [106] [107]) [108] [109]
\openout2 = `chapter5/chapter5.aux'.


(./chapter5/chapter5.tex [110



]
Chapter 5.

Package hyperref Warning: Token not allowed in a PDF string (Unicode):
(hyperref)                removing `math shift' on input line 152.


Package hyperref Warning: Token not allowed in a PDF string (Unicode):
(hyperref)                removing `\times' on input line 152.


Package hyperref Warning: Token not allowed in a PDF string (Unicode):
(hyperref)                removing `math shift' on input line 152.


Overfull \hbox (9.08316pt too wide) in paragraph at lines 152--152
[][] 
 []


Overfull \hbox (2.03673pt too wide) in paragraph at lines 156--170
\EU1/Baskerville(0)/m/n/10 spectroscopically-confirmed satellite galaxies in ma
ssive ($\OML/cmm/m/it/10 M > \OT1/cmr/m/n/10 10[]\OML/cmm/m/it/10 h[]\OT1/cmr/m
/n/10 M[]$\EU1/Baskerville(0)/m/n/10 ) galaxy groups.
 []


Underfull \vbox (badness 10000) has occurred while \output is active []

 [111]
Overfull \hbox (2.90181pt too wide) in paragraph at lines 189--197
\EU1/Baskerville(0)/m/sc/10.95 Following a hierarchical build-up, galaxy groups
 grow by accretion of smaller groups
 []


Overfull \hbox (5.33897pt too wide) in paragraph at lines 189--197
\EU1/Baskerville(0)/m/sc/10.95 cosmological scenario posits that galaxies are e
mbedded in larger dark matter haloes,
 []


Overfull \hbox (8.06593pt too wide) in paragraph at lines 208--216
[][]\EU1/Baskerville(0)/m/sc/10.95 Tormen et al.[][] [][]1998[][]; [][]Taffoni 
et al.[][] [][]2003[][]; [][]Contini et al.[][] [][]2012[][]). Different infall
 timescales
 []


Underfull \vbox (badness 1742) has occurred while \output is active []

 [112]
Underfull \vbox (badness 10000) has occurred while \output is active []

 [113]
[114] [115] [116] [117


] [118] [119]
File: chapter5/signal_all_10Mpc.pdf Graphic file (type QTm)
 <use  "chapter5/signal_all_10Mpc.pdf" >
File: chapter5/hist-AngSepBCG.pdf Graphic file (type QTm)

<use  "chapter5/hist-AngSepBCG.pdf" >
File: chapter5/hist-logmstar.pdf Graphic file (type QTm)
 <use  "chapter5/hist-logmstar.pdf" >
File: chapter5/hist-groups_Zfof.pdf Graphic file (type QTm)

<use  "chapter5/hist-groups_Zfof.pdf" >
File: chapter5/hist-groups_logLumB.pdf Graphic file (type QTm)

<use  "chapter5/hist-groups_logLumB.pdf" >
File: chapter5/ESDhost_bin1_showbins.pdf Graphic file (type QTm)

<use  "chapter5/ESDhost_bin1_showbins.pdf" >
File: chapter5/ESDhost_bin1_cfix.pdf Graphic file (type QTm)

<use  "chapter5/ESDhost_bin1_cfix.pdf" >
File: chapter5/ESDhost_bin1_mfix.pdf Graphic file (type QTm)

<use  "chapter5/ESDhost_bin1_mfix.pdf" >

LaTeX Warning: `h' float specifier changed to `ht'.

File: chapter5/ESDsat_bin1.pdf Graphic file (type QTm)
<use  "chapter5/ESDsat_bin1.pdf" >
File: chapter5/ESDsat_bin1_msat.pdf Graphic file (type QTm)
 <use  "chapter5/ESDsat_bin1_msat.pdf" >
File: chapter5/ESDsat_bin1_c.pdf Graphic file (type QTm)

<use  "chapter5/ESDsat_bin1_c.pdf" >
File: chapter5/ESDsat_bin1_rt.pdf Graphic file (type QTm)
 <use  "chapter5/ESDsat_bin1_rt.pdf" >

LaTeX Warning: `!h' float specifier changed to `!ht'.


Package natbib Warning: Citation `vanuitert15' on page 120 undefined on input l
ine 613.

[120] [121]
Underfull \vbox (badness 1577) has occurred while \output is active []

 [122]
Underfull \vbox (badness 10000) has occurred while \output is active []

 [123]
Underfull \vbox (badness 4441) has occurred while \output is active []

 [124]
[125]
File: chapter5/esd.pdf Graphic file (type QTm)
 <use  "chapter5/esd.pdf" >
Underfull \vbox (badness 10000) has occurred while \output is active []

 [126]
[127]
File: chapter5/corner.pdf Graphic file (type QTm)
 <use  "chapter5/corner.pdf" > [128] [129]
File: chapter5/massradius_norm.pdf Graphic file (type QTm)

<use  "chapter5/massradius_norm.pdf" > [130]
Overfull \hbox (4.21396pt too wide) in paragraph at lines 1003--1007
\EU1/Baskerville(0)/m/sc/10.95 satellite lensing measurements. They used $\OMS/
cmsy/m/n/10.95 ^^X$\EU1/Baskerville(0)/m/sc/10.95 7,000 satellites in the redMa
PPer galaxy
 []


Underfull \vbox (badness 5417) has occurred while \output is active []

 [131]
[132]
Overfull \hbox (3.45451pt too wide) in paragraph at lines 1066--1086
[]\EU1/Baskerville(0)/m/sc/10.95 The second source of contamination is the misi
dentification of the central galaxy
 []


Underfull \vbox (badness 3657) has occurred while \output is active []

 [133]
Underfull \vbox (badness 2111) has occurred while \output is active []

 [134]
Overfull \hbox (1.09485pt too wide) in paragraph at lines 1358--1358
 |[]\EU1/Georgia(0)/m/n/14.4 Full satellite lensing correlation matrix and the 
con-
 []

[135]
File: chapter5/corr.pdf Graphic file (type QTm)
 <use  "chapter5/corr.pdf" >
File: chapter5/corr_cbar.pdf Graphic file (type QTm)
 <use  "chapter5/corr_cbar.pdf" >
File: chapter5/compare_diagonals.pdf Graphic file (type QTm)

<use  "chapter5/compare_diagonals.pdf" >) [136] [137] [138] [139] (./thesis.bbl
[140


]

Package hyperref Warning: Suppressing empty link on input line 169.

[141]
Underfull \vbox (badness 10000) has occurred while \output is active []

 [142]

Package hyperref Warning: Suppressing empty link on input line 411.


Underfull \vbox (badness 10000) has occurred while \output is active []

 [143]
Underfull \vbox (badness 10000) has occurred while \output is active []

 [144]

Package hyperref Warning: Suppressing empty link on input line 922.


Underfull \vbox (badness 10000) has occurred while \output is active []

 [145]

Package hyperref Warning: Suppressing empty link on input line 1069.


Package hyperref Warning: Suppressing empty link on input line 1096.


Package hyperref Warning: Suppressing empty link on input line 1101.


Underfull \vbox (badness 10000) has occurred while \output is active []

 [146]

Package hyperref Warning: Suppressing empty link on input line 1148.


Underfull \vbox (badness 10000) has occurred while \output is active []

 [147]

Package hyperref Warning: Suppressing empty link on input line 1517.


Underfull \vbox (badness 10000) has occurred while \output is active []

 [148]

Package hyperref Warning: Suppressing empty link on input line 1675.


Package hyperref Warning: Suppressing empty link on input line 1681.


Package hyperref Warning: Suppressing empty link on input line 1687.


Underfull \vbox (badness 10000) has occurred while \output is active []

 [149]
Underfull \vbox (badness 10000) has occurred while \output is active []

 [150]

Package hyperref Warning: Suppressing empty link on input line 2036.


Underfull \vbox (badness 10000) has occurred while \output is active []

 [151]

Package hyperref Warning: Suppressing empty link on input line 2243.

) (./acknowledgements.tex [152])

Package natbib Warning: There were undefined citations.

Package atveryend Info: Empty hook `BeforeClearDocument' on input line 60.
[153

]
Package atveryend Info: Empty hook `AfterLastShipout' on input line 60.
 (./thesis.aux (./chapter1/introduction.aux) (./chapter2/chapter2.aux)
(./chapter3/chapter3.aux) (./chapter4/chapter4.aux) (./chapter5/chapter5.aux))
Package atveryend Info: Empty hook `AtVeryEndDocument' on input line 60.
Package atveryend Info: Empty hook `AtEndAfterFileList' on input line 60.


LaTeX Font Warning: Some font shapes were not available, defaults substituted.


LaTeX Warning: There were multiply-defined labels.

Package atveryend Info: Empty hook `AtVeryVeryEnd' on input line 60.
 )
(\end occurred when \ifx on line 31 was incomplete) 
Here is how much of TeX's memory you used:
 28368 strings out of 493938
 534063 string characters out of 6148857
 680404 words of memory out of 5000000
 31175 multiletter control sequences out of 15000+600000
 26136 words of font info for 145 fonts, out of 8000000 for 9000
 1144 hyphenation exceptions out of 8191
 48i,17n,85p,2136b,1238s stack positions out of 5000i,500n,10000p,200000b,80000s

Output written on thesis.pdf (161 pages).
